<?xml version="1.0" encoding="utf-8" standalone="no"?>
<!--This file represents the results of running a test suite-->
<test-results name="c:\Dev\Projects\CafeApp\src\tests\CafeApp.Core.Tests.dll" total="0" errors="0" failures="0" not-run="0" inconclusive="0" ignored="0" skipped="0" invalid="0" date="2016-10-08" time="09:49:14">
  <environment nunit-version="2.6.4.14350" clr-version="2.0.50727.8745" os-version="Microsoft Windows NT 6.2.9200.0" platform="Win32NT" cwd="c:\Dev\Projects\CafeApp\src" machine-name="SCVAIO" user="sandeep" user-domain="SCVAIO" />
  <culture-info current-culture="en-NZ" current-uiculture="en-US" />
  <test-suite type="Assembly" name="c:\Dev\Projects\CafeApp\src\tests\CafeApp.Core.Tests.dll" executed="True" result="Inconclusive" success="False" time="0.012" asserts="0" />
</test-results>